The target system is: Linux -  - arm
The host system is: Linux - 4.15.0-143-generic - x86_64
Compiling the C compiler identification source file "CMakeCCompilerId.c" succeeded.
Compiler: /home/maria/code/study/mipt-build-systems/task3/toolchain/gcc-linaro-i686_arm-linux-gnueabihf/bin/arm-linux-gnueabihf-gcc 
Build flags: 
Id flags:  

The output was:
0


Compilation of the C compiler identification source "CMakeCCompilerId.c" produced "a.out"

The C compiler identification is GNU, found in "/home/maria/code/study/mipt-build-systems/task3/TechProgSimpleLibrary/bld/CMakeFiles/3.10.2/CompilerIdC/a.out"

Compiling the CXX compiler identification source file "CMakeCXXCompilerId.cpp" succeeded.
Compiler: /home/maria/code/study/mipt-build-systems/task3/toolchain/gcc-linaro-i686_arm-linux-gnueabihf/bin/arm-linux-gnueabihf-g++ 
Build flags: 
Id flags:  

The output was:
0


Compilation of the CXX compiler identification source "CMakeCXXCompilerId.cpp" produced "a.out"

The CXX compiler identification is GNU, found in "/home/maria/code/study/mipt-build-systems/task3/TechProgSimpleLibrary/bld/CMakeFiles/3.10.2/CompilerIdCXX/a.out"

Determining if the C compiler works passed with the following output:
Change Dir: /home/maria/code/study/mipt-build-systems/task3/TechProgSimpleLibrary/bld/CMakeFiles/CMakeTmp

Run Build Command:"/usr/bin/make" "cmTC_30881/fast"
/usr/bin/make -f CMakeFiles/cmTC_30881.dir/build.make CMakeFiles/cmTC_30881.dir/build
make[1]: Entering directory '/home/maria/code/study/mipt-build-systems/task3/TechProgSimpleLibrary/bld/CMakeFiles/CMakeTmp'
Building C object CMakeFiles/cmTC_30881.dir/testCCompiler.c.o
/home/maria/code/study/mipt-build-systems/task3/toolchain/gcc-linaro-i686_arm-linux-gnueabihf/bin/arm-linux-gnueabihf-gcc --sysroot=/home/maria/code/study/mipt-build-systems/task3/sysroot    -o CMakeFiles/cmTC_30881.dir/testCCompiler.c.o   -c /home/maria/code/study/mipt-build-systems/task3/TechProgSimpleLibrary/bld/CMakeFiles/CMakeTmp/testCCompiler.c
Linking C executable cmTC_30881
/usr/bin/cmake -E cmake_link_script CMakeFiles/cmTC_30881.dir/link.txt --verbose=1
/home/maria/code/study/mipt-build-systems/task3/toolchain/gcc-linaro-i686_arm-linux-gnueabihf/bin/arm-linux-gnueabihf-gcc --sysroot=/home/maria/code/study/mipt-build-systems/task3/sysroot      -rdynamic CMakeFiles/cmTC_30881.dir/testCCompiler.c.o  -o cmTC_30881 
make[1]: Leaving directory '/home/maria/code/study/mipt-build-systems/task3/TechProgSimpleLibrary/bld/CMakeFiles/CMakeTmp'


Detecting C compiler ABI info compiled with the following output:
Change Dir: /home/maria/code/study/mipt-build-systems/task3/TechProgSimpleLibrary/bld/CMakeFiles/CMakeTmp

Run Build Command:"/usr/bin/make" "cmTC_30859/fast"
/usr/bin/make -f CMakeFiles/cmTC_30859.dir/build.make CMakeFiles/cmTC_30859.dir/build
make[1]: Entering directory '/home/maria/code/study/mipt-build-systems/task3/TechProgSimpleLibrary/bld/CMakeFiles/CMakeTmp'
Building C object CMakeFiles/cmTC_30859.dir/CMakeCCompilerABI.c.o
/home/maria/code/study/mipt-build-systems/task3/toolchain/gcc-linaro-i686_arm-linux-gnueabihf/bin/arm-linux-gnueabihf-gcc --sysroot=/home/maria/code/study/mipt-build-systems/task3/sysroot    -o CMakeFiles/cmTC_30859.dir/CMakeCCompilerABI.c.o   -c /usr/share/cmake-3.10/Modules/CMakeCCompilerABI.c
Linking C executable cmTC_30859
/usr/bin/cmake -E cmake_link_script CMakeFiles/cmTC_30859.dir/link.txt --verbose=1
/home/maria/code/study/mipt-build-systems/task3/toolchain/gcc-linaro-i686_arm-linux-gnueabihf/bin/arm-linux-gnueabihf-gcc --sysroot=/home/maria/code/study/mipt-build-systems/task3/sysroot     -v -rdynamic CMakeFiles/cmTC_30859.dir/CMakeCCompilerABI.c.o  -o cmTC_30859 
Using built-in specs.
COLLECT_GCC=/home/maria/code/study/mipt-build-systems/task3/toolchain/gcc-linaro-i686_arm-linux-gnueabihf/bin/arm-linux-gnueabihf-gcc
COLLECT_LTO_WRAPPER=/home/maria/code/study/mipt-build-systems/task3/toolchain/gcc-linaro-i686_arm-linux-gnueabihf/bin/../libexec/gcc/arm-linux-gnueabihf/7.5.0/lto-wrapper
Target: arm-linux-gnueabihf
Configured with: '/home/tcwg-buildslave/workspace/tcwg-make-release_1/snapshots/gcc.git~linaro-7.5-2019.12/configure' SHELL=/bin/bash --with-mpc=/home/tcwg-buildslave/workspace/tcwg-make-release_1/_build/builds/destdir/i686-pc-linux-gnu --with-mpfr=/home/tcwg-buildslave/workspace/tcwg-make-release_1/_build/builds/destdir/i686-pc-linux-gnu --with-gmp=/home/tcwg-buildslave/workspace/tcwg-make-release_1/_build/builds/destdir/i686-pc-linux-gnu --with-gnu-as --with-gnu-ld --disable-libmudflap --enable-lto --enable-shared --without-included-gettext --enable-nls --with-system-zlib --disable-sjlj-exceptions --enable-gnu-unique-object --enable-linker-build-id --disable-libstdcxx-pch --enable-c99 --enable-clocale=gnu --enable-libstdcxx-debug --enable-long-long --with-cloog=no --with-ppl=no --with-isl=no --disable-multilib --with-float=hard --with-fpu=vfpv3-d16 --with-mode=thumb --with-tune=cortex-a9 --with-arch=armv7-a --enable-threads=posix --enable-multiarch --enable-libstdcxx-time=yes --enable-gnu-indirect-function --with-build-sysroot=/home/tcwg-buildslave/workspace/tcwg-make-release_1/_build/sysroots/arm-linux-gnueabihf --with-sysroot=/home/tcwg-buildslave/workspace/tcwg-make-release_1/_build/builds/destdir/i686-pc-linux-gnu/arm-linux-gnueabihf/libc --enable-checking=release --disable-bootstrap --enable-languages=c,c++,fortran,lto --build=i686-pc-linux-gnu --host=i686-pc-linux-gnu --target=arm-linux-gnueabihf --prefix=/home/tcwg-buildslave/workspace/tcwg-make-release_1/_build/builds/destdir/i686-pc-linux-gnu
Thread model: posix
gcc version 7.5.0 (Linaro GCC 7.5-2019.12) 
COMPILER_PATH=/home/maria/code/study/mipt-build-systems/task3/toolchain/gcc-linaro-i686_arm-linux-gnueabihf/bin/../libexec/gcc/arm-linux-gnueabihf/7.5.0/:/home/maria/code/study/mipt-build-systems/task3/toolchain/gcc-linaro-i686_arm-linux-gnueabihf/bin/../libexec/gcc/arm-linux-gnueabihf/:/home/maria/code/study/mipt-build-systems/task3/toolchain/gcc-linaro-i686_arm-linux-gnueabihf/bin/../libexec/gcc/:/home/maria/code/study/mipt-build-systems/task3/toolchain/gcc-linaro-i686_arm-linux-gnueabihf/bin/../lib/gcc/arm-linux-gnueabihf/7.5.0/../../../../arm-linux-gnueabihf/bin/
LIBRARY_PATH=/home/maria/code/study/mipt-build-systems/task3/toolchain/gcc-linaro-i686_arm-linux-gnueabihf/bin/../lib/gcc/arm-linux-gnueabihf/7.5.0/:/home/maria/code/study/mipt-build-systems/task3/toolchain/gcc-linaro-i686_arm-linux-gnueabihf/bin/../lib/gcc/arm-linux-gnueabihf/:/home/maria/code/study/mipt-build-systems/task3/toolchain/gcc-linaro-i686_arm-linux-gnueabihf/bin/../lib/gcc/:/home/maria/code/study/mipt-build-systems/task3/toolchain/gcc-linaro-i686_arm-linux-gnueabihf/bin/../lib/gcc/arm-linux-gnueabihf/7.5.0/../../../../arm-linux-gnueabihf/lib/:/home/maria/code/study/mipt-build-systems/task3/sysroot/lib/:/home/maria/code/study/mipt-build-systems/task3/sysroot/usr/lib/
COLLECT_GCC_OPTIONS='-v' '-rdynamic' '-o' 'cmTC_30859' '-march=armv7-a' '-mtune=cortex-a9' '-mfloat-abi=hard' '-mfpu=vfpv3-d16' '-mthumb' '-mtls-dialect=gnu'
 /home/maria/code/study/mipt-build-systems/task3/toolchain/gcc-linaro-i686_arm-linux-gnueabihf/bin/../libexec/gcc/arm-linux-gnueabihf/7.5.0/collect2 -plugin /home/maria/code/study/mipt-build-systems/task3/toolchain/gcc-linaro-i686_arm-linux-gnueabihf/bin/../libexec/gcc/arm-linux-gnueabihf/7.5.0/liblto_plugin.so -plugin-opt=/home/maria/code/study/mipt-build-systems/task3/toolchain/gcc-linaro-i686_arm-linux-gnueabihf/bin/../libexec/gcc/arm-linux-gnueabihf/7.5.0/lto-wrapper -plugin-opt=-fresolution=/tmp/ccwszkWS.res -plugin-opt=-pass-through=-lgcc -plugin-opt=-pass-through=-lgcc_s -plugin-opt=-pass-through=-lc -plugin-opt=-pass-through=-lgcc -plugin-opt=-pass-through=-lgcc_s --sysroot=/home/maria/code/study/mipt-build-systems/task3/sysroot --build-id --eh-frame-hdr -export-dynamic -dynamic-linker /lib/ld-linux-armhf.so.3 -X -m armelf_linux_eabi -o cmTC_30859 /home/maria/code/study/mipt-build-systems/task3/sysroot/usr/lib/crt1.o /home/maria/code/study/mipt-build-systems/task3/sysroot/usr/lib/crti.o /home/maria/code/study/mipt-build-systems/task3/toolchain/gcc-linaro-i686_arm-linux-gnueabihf/bin/../lib/gcc/arm-linux-gnueabihf/7.5.0/crtbegin.o -L/home/maria/code/study/mipt-build-systems/task3/toolchain/gcc-linaro-i686_arm-linux-gnueabihf/bin/../lib/gcc/arm-linux-gnueabihf/7.5.0 -L/home/maria/code/study/mipt-build-systems/task3/toolchain/gcc-linaro-i686_arm-linux-gnueabihf/bin/../lib/gcc/arm-linux-gnueabihf -L/home/maria/code/study/mipt-build-systems/task3/toolchain/gcc-linaro-i686_arm-linux-gnueabihf/bin/../lib/gcc -L/home/maria/code/study/mipt-build-systems/task3/toolchain/gcc-linaro-i686_arm-linux-gnueabihf/bin/../lib/gcc/arm-linux-gnueabihf/7.5.0/../../../../arm-linux-gnueabihf/lib -L/home/maria/code/study/mipt-build-systems/task3/sysroot/lib -L/home/maria/code/study/mipt-build-systems/task3/sysroot/usr/lib CMakeFiles/cmTC_30859.dir/CMakeCCompilerABI.c.o -lgcc --as-needed -lgcc_s --no-as-needed -lc -lgcc --as-needed -lgcc_s --no-as-needed /home/maria/code/study/mipt-build-systems/task3/toolchain/gcc-linaro-i686_arm-linux-gnueabihf/bin/../lib/gcc/arm-linux-gnueabihf/7.5.0/crtend.o /home/maria/code/study/mipt-build-systems/task3/sysroot/usr/lib/crtn.o
COLLECT_GCC_OPTIONS='-v' '-rdynamic' '-o' 'cmTC_30859' '-march=armv7-a' '-mtune=cortex-a9' '-mfloat-abi=hard' '-mfpu=vfpv3-d16' '-mthumb' '-mtls-dialect=gnu'
make[1]: Leaving directory '/home/maria/code/study/mipt-build-systems/task3/TechProgSimpleLibrary/bld/CMakeFiles/CMakeTmp'


Parsed C implicit link information from above output:
  link line regex: [^( *|.*[/\])(arm-linux-gnueabihf-ld|CMAKE_LINK_STARTFILE-NOTFOUND|([^/\]+-)?ld|collect2)[^/\]*( |$)]
  ignore line: [Change Dir: /home/maria/code/study/mipt-build-systems/task3/TechProgSimpleLibrary/bld/CMakeFiles/CMakeTmp]
  ignore line: []
  ignore line: [Run Build Command:"/usr/bin/make" "cmTC_30859/fast"]
  ignore line: [/usr/bin/make -f CMakeFiles/cmTC_30859.dir/build.make CMakeFiles/cmTC_30859.dir/build]
  ignore line: [make[1]: Entering directory '/home/maria/code/study/mipt-build-systems/task3/TechProgSimpleLibrary/bld/CMakeFiles/CMakeTmp']
  ignore line: [Building C object CMakeFiles/cmTC_30859.dir/CMakeCCompilerABI.c.o]
  ignore line: [/home/maria/code/study/mipt-build-systems/task3/toolchain/gcc-linaro-i686_arm-linux-gnueabihf/bin/arm-linux-gnueabihf-gcc --sysroot=/home/maria/code/study/mipt-build-systems/task3/sysroot    -o CMakeFiles/cmTC_30859.dir/CMakeCCompilerABI.c.o   -c /usr/share/cmake-3.10/Modules/CMakeCCompilerABI.c]
  ignore line: [Linking C executable cmTC_30859]
  ignore line: [/usr/bin/cmake -E cmake_link_script CMakeFiles/cmTC_30859.dir/link.txt --verbose=1]
  ignore line: [/home/maria/code/study/mipt-build-systems/task3/toolchain/gcc-linaro-i686_arm-linux-gnueabihf/bin/arm-linux-gnueabihf-gcc --sysroot=/home/maria/code/study/mipt-build-systems/task3/sysroot     -v -rdynamic CMakeFiles/cmTC_30859.dir/CMakeCCompilerABI.c.o  -o cmTC_30859 ]
  ignore line: [Using built-in specs.]
  ignore line: [COLLECT_GCC=/home/maria/code/study/mipt-build-systems/task3/toolchain/gcc-linaro-i686_arm-linux-gnueabihf/bin/arm-linux-gnueabihf-gcc]
  ignore line: [COLLECT_LTO_WRAPPER=/home/maria/code/study/mipt-build-systems/task3/toolchain/gcc-linaro-i686_arm-linux-gnueabihf/bin/../libexec/gcc/arm-linux-gnueabihf/7.5.0/lto-wrapper]
  ignore line: [Target: arm-linux-gnueabihf]
  ignore line: [Configured with: '/home/tcwg-buildslave/workspace/tcwg-make-release_1/snapshots/gcc.git~linaro-7.5-2019.12/configure' SHELL=/bin/bash --with-mpc=/home/tcwg-buildslave/workspace/tcwg-make-release_1/_build/builds/destdir/i686-pc-linux-gnu --with-mpfr=/home/tcwg-buildslave/workspace/tcwg-make-release_1/_build/builds/destdir/i686-pc-linux-gnu --with-gmp=/home/tcwg-buildslave/workspace/tcwg-make-release_1/_build/builds/destdir/i686-pc-linux-gnu --with-gnu-as --with-gnu-ld --disable-libmudflap --enable-lto --enable-shared --without-included-gettext --enable-nls --with-system-zlib --disable-sjlj-exceptions --enable-gnu-unique-object --enable-linker-build-id --disable-libstdcxx-pch --enable-c99 --enable-clocale=gnu --enable-libstdcxx-debug --enable-long-long --with-cloog=no --with-ppl=no --with-isl=no --disable-multilib --with-float=hard --with-fpu=vfpv3-d16 --with-mode=thumb --with-tune=cortex-a9 --with-arch=armv7-a --enable-threads=posix --enable-multiarch --enable-libstdcxx-time=yes --enable-gnu-indirect-function --with-build-sysroot=/home/tcwg-buildslave/workspace/tcwg-make-release_1/_build/sysroots/arm-linux-gnueabihf --with-sysroot=/home/tcwg-buildslave/workspace/tcwg-make-release_1/_build/builds/destdir/i686-pc-linux-gnu/arm-linux-gnueabihf/libc --enable-checking=release --disable-bootstrap --enable-languages=c,c++,fortran,lto --build=i686-pc-linux-gnu --host=i686-pc-linux-gnu --target=arm-linux-gnueabihf --prefix=/home/tcwg-buildslave/workspace/tcwg-make-release_1/_build/builds/destdir/i686-pc-linux-gnu]
  ignore line: [Thread model: posix]
  ignore line: [gcc version 7.5.0 (Linaro GCC 7.5-2019.12) ]
  ignore line: [COMPILER_PATH=/home/maria/code/study/mipt-build-systems/task3/toolchain/gcc-linaro-i686_arm-linux-gnueabihf/bin/../libexec/gcc/arm-linux-gnueabihf/7.5.0/:/home/maria/code/study/mipt-build-systems/task3/toolchain/gcc-linaro-i686_arm-linux-gnueabihf/bin/../libexec/gcc/arm-linux-gnueabihf/:/home/maria/code/study/mipt-build-systems/task3/toolchain/gcc-linaro-i686_arm-linux-gnueabihf/bin/../libexec/gcc/:/home/maria/code/study/mipt-build-systems/task3/toolchain/gcc-linaro-i686_arm-linux-gnueabihf/bin/../lib/gcc/arm-linux-gnueabihf/7.5.0/../../../../arm-linux-gnueabihf/bin/]
  ignore line: [LIBRARY_PATH=/home/maria/code/study/mipt-build-systems/task3/toolchain/gcc-linaro-i686_arm-linux-gnueabihf/bin/../lib/gcc/arm-linux-gnueabihf/7.5.0/:/home/maria/code/study/mipt-build-systems/task3/toolchain/gcc-linaro-i686_arm-linux-gnueabihf/bin/../lib/gcc/arm-linux-gnueabihf/:/home/maria/code/study/mipt-build-systems/task3/toolchain/gcc-linaro-i686_arm-linux-gnueabihf/bin/../lib/gcc/:/home/maria/code/study/mipt-build-systems/task3/toolchain/gcc-linaro-i686_arm-linux-gnueabihf/bin/../lib/gcc/arm-linux-gnueabihf/7.5.0/../../../../arm-linux-gnueabihf/lib/:/home/maria/code/study/mipt-build-systems/task3/sysroot/lib/:/home/maria/code/study/mipt-build-systems/task3/sysroot/usr/lib/]
  ignore line: [COLLECT_GCC_OPTIONS='-v' '-rdynamic' '-o' 'cmTC_30859' '-march=armv7-a' '-mtune=cortex-a9' '-mfloat-abi=hard' '-mfpu=vfpv3-d16' '-mthumb' '-mtls-dialect=gnu']
  link line: [ /home/maria/code/study/mipt-build-systems/task3/toolchain/gcc-linaro-i686_arm-linux-gnueabihf/bin/../libexec/gcc/arm-linux-gnueabihf/7.5.0/collect2 -plugin /home/maria/code/study/mipt-build-systems/task3/toolchain/gcc-linaro-i686_arm-linux-gnueabihf/bin/../libexec/gcc/arm-linux-gnueabihf/7.5.0/liblto_plugin.so -plugin-opt=/home/maria/code/study/mipt-build-systems/task3/toolchain/gcc-linaro-i686_arm-linux-gnueabihf/bin/../libexec/gcc/arm-linux-gnueabihf/7.5.0/lto-wrapper -plugin-opt=-fresolution=/tmp/ccwszkWS.res -plugin-opt=-pass-through=-lgcc -plugin-opt=-pass-through=-lgcc_s -plugin-opt=-pass-through=-lc -plugin-opt=-pass-through=-lgcc -plugin-opt=-pass-through=-lgcc_s --sysroot=/home/maria/code/study/mipt-build-systems/task3/sysroot --build-id --eh-frame-hdr -export-dynamic -dynamic-linker /lib/ld-linux-armhf.so.3 -X -m armelf_linux_eabi -o cmTC_30859 /home/maria/code/study/mipt-build-systems/task3/sysroot/usr/lib/crt1.o /home/maria/code/study/mipt-build-systems/task3/sysroot/usr/lib/crti.o /home/maria/code/study/mipt-build-systems/task3/toolchain/gcc-linaro-i686_arm-linux-gnueabihf/bin/../lib/gcc/arm-linux-gnueabihf/7.5.0/crtbegin.o -L/home/maria/code/study/mipt-build-systems/task3/toolchain/gcc-linaro-i686_arm-linux-gnueabihf/bin/../lib/gcc/arm-linux-gnueabihf/7.5.0 -L/home/maria/code/study/mipt-build-systems/task3/toolchain/gcc-linaro-i686_arm-linux-gnueabihf/bin/../lib/gcc/arm-linux-gnueabihf -L/home/maria/code/study/mipt-build-systems/task3/toolchain/gcc-linaro-i686_arm-linux-gnueabihf/bin/../lib/gcc -L/home/maria/code/study/mipt-build-systems/task3/toolchain/gcc-linaro-i686_arm-linux-gnueabihf/bin/../lib/gcc/arm-linux-gnueabihf/7.5.0/../../../../arm-linux-gnueabihf/lib -L/home/maria/code/study/mipt-build-systems/task3/sysroot/lib -L/home/maria/code/study/mipt-build-systems/task3/sysroot/usr/lib CMakeFiles/cmTC_30859.dir/CMakeCCompilerABI.c.o -lgcc --as-needed -lgcc_s --no-as-needed -lc -lgcc --as-needed -lgcc_s --no-as-needed /home/maria/code/study/mipt-build-systems/task3/toolchain/gcc-linaro-i686_arm-linux-gnueabihf/bin/../lib/gcc/arm-linux-gnueabihf/7.5.0/crtend.o /home/maria/code/study/mipt-build-systems/task3/sysroot/usr/lib/crtn.o]
    arg [/home/maria/code/study/mipt-build-systems/task3/toolchain/gcc-linaro-i686_arm-linux-gnueabihf/bin/../libexec/gcc/arm-linux-gnueabihf/7.5.0/collect2] ==> ignore
    arg [-plugin] ==> ignore
    arg [/home/maria/code/study/mipt-build-systems/task3/toolchain/gcc-linaro-i686_arm-linux-gnueabihf/bin/../libexec/gcc/arm-linux-gnueabihf/7.5.0/liblto_plugin.so] ==> ignore
    arg [-plugin-opt=/home/maria/code/study/mipt-build-systems/task3/toolchain/gcc-linaro-i686_arm-linux-gnueabihf/bin/../libexec/gcc/arm-linux-gnueabihf/7.5.0/lto-wrapper] ==> ignore
    arg [-plugin-opt=-fresolution=/tmp/ccwszkWS.res] ==> ignore
    arg [-plugin-opt=-pass-through=-lgcc] ==> ignore
    arg [-plugin-opt=-pass-through=-lgcc_s] ==> ignore
    arg [-plugin-opt=-pass-through=-lc] ==> ignore
    arg [-plugin-opt=-pass-through=-lgcc] ==> ignore
    arg [-plugin-opt=-pass-through=-lgcc_s] ==> ignore
    arg [--sysroot=/home/maria/code/study/mipt-build-systems/task3/sysroot] ==> ignore
    arg [--build-id] ==> ignore
    arg [--eh-frame-hdr] ==> ignore
    arg [-export-dynamic] ==> ignore
    arg [-dynamic-linker] ==> ignore
    arg [/lib/ld-linux-armhf.so.3] ==> ignore
    arg [-X] ==> ignore
    arg [-m] ==> ignore
    arg [armelf_linux_eabi] ==> ignore
    arg [-o] ==> ignore
    arg [cmTC_30859] ==> ignore
    arg [/home/maria/code/study/mipt-build-systems/task3/sysroot/usr/lib/crt1.o] ==> ignore
    arg [/home/maria/code/study/mipt-build-systems/task3/sysroot/usr/lib/crti.o] ==> ignore
    arg [/home/maria/code/study/mipt-build-systems/task3/toolchain/gcc-linaro-i686_arm-linux-gnueabihf/bin/../lib/gcc/arm-linux-gnueabihf/7.5.0/crtbegin.o] ==> ignore
    arg [-L/home/maria/code/study/mipt-build-systems/task3/toolchain/gcc-linaro-i686_arm-linux-gnueabihf/bin/../lib/gcc/arm-linux-gnueabihf/7.5.0] ==> dir [/home/maria/code/study/mipt-build-systems/task3/toolchain/gcc-linaro-i686_arm-linux-gnueabihf/bin/../lib/gcc/arm-linux-gnueabihf/7.5.0]
    arg [-L/home/maria/code/study/mipt-build-systems/task3/toolchain/gcc-linaro-i686_arm-linux-gnueabihf/bin/../lib/gcc/arm-linux-gnueabihf] ==> dir [/home/maria/code/study/mipt-build-systems/task3/toolchain/gcc-linaro-i686_arm-linux-gnueabihf/bin/../lib/gcc/arm-linux-gnueabihf]
    arg [-L/home/maria/code/study/mipt-build-systems/task3/toolchain/gcc-linaro-i686_arm-linux-gnueabihf/bin/../lib/gcc] ==> dir [/home/maria/code/study/mipt-build-systems/task3/toolchain/gcc-linaro-i686_arm-linux-gnueabihf/bin/../lib/gcc]
    arg [-L/home/maria/code/study/mipt-build-systems/task3/toolchain/gcc-linaro-i686_arm-linux-gnueabihf/bin/../lib/gcc/arm-linux-gnueabihf/7.5.0/../../../../arm-linux-gnueabihf/lib] ==> dir [/home/maria/code/study/mipt-build-systems/task3/toolchain/gcc-linaro-i686_arm-linux-gnueabihf/bin/../lib/gcc/arm-linux-gnueabihf/7.5.0/../../../../arm-linux-gnueabihf/lib]
    arg [-L/home/maria/code/study/mipt-build-systems/task3/sysroot/lib] ==> dir [/home/maria/code/study/mipt-build-systems/task3/sysroot/lib]
    arg [-L/home/maria/code/study/mipt-build-systems/task3/sysroot/usr/lib] ==> dir [/home/maria/code/study/mipt-build-systems/task3/sysroot/usr/lib]
    arg [CMakeFiles/cmTC_30859.dir/CMakeCCompilerABI.c.o] ==> ignore
    arg [-lgcc] ==> lib [gcc]
    arg [--as-needed] ==> ignore
    arg [-lgcc_s] ==> lib [gcc_s]
    arg [--no-as-needed] ==> ignore
    arg [-lc] ==> lib [c]
    arg [-lgcc] ==> lib [gcc]
    arg [--as-needed] ==> ignore
    arg [-lgcc_s] ==> lib [gcc_s]
    arg [--no-as-needed] ==> ignore
    arg [/home/maria/code/study/mipt-build-systems/task3/toolchain/gcc-linaro-i686_arm-linux-gnueabihf/bin/../lib/gcc/arm-linux-gnueabihf/7.5.0/crtend.o] ==> ignore
    arg [/home/maria/code/study/mipt-build-systems/task3/sysroot/usr/lib/crtn.o] ==> ignore
  collapse library dir [/home/maria/code/study/mipt-build-systems/task3/toolchain/gcc-linaro-i686_arm-linux-gnueabihf/bin/../lib/gcc/arm-linux-gnueabihf/7.5.0] ==> [/home/maria/code/study/mipt-build-systems/task3/toolchain/gcc-linaro-i686_arm-linux-gnueabihf/lib/gcc/arm-linux-gnueabihf/7.5.0]
  collapse library dir [/home/maria/code/study/mipt-build-systems/task3/toolchain/gcc-linaro-i686_arm-linux-gnueabihf/bin/../lib/gcc/arm-linux-gnueabihf] ==> [/home/maria/code/study/mipt-build-systems/task3/toolchain/gcc-linaro-i686_arm-linux-gnueabihf/lib/gcc/arm-linux-gnueabihf]
  collapse library dir [/home/maria/code/study/mipt-build-systems/task3/toolchain/gcc-linaro-i686_arm-linux-gnueabihf/bin/../lib/gcc] ==> [/home/maria/code/study/mipt-build-systems/task3/toolchain/gcc-linaro-i686_arm-linux-gnueabihf/lib/gcc]
  collapse library dir [/home/maria/code/study/mipt-build-systems/task3/toolchain/gcc-linaro-i686_arm-linux-gnueabihf/bin/../lib/gcc/arm-linux-gnueabihf/7.5.0/../../../../arm-linux-gnueabihf/lib] ==> [/home/maria/code/study/mipt-build-systems/task3/toolchain/gcc-linaro-i686_arm-linux-gnueabihf/arm-linux-gnueabihf/lib]
  collapse library dir [/home/maria/code/study/mipt-build-systems/task3/sysroot/lib] ==> [/home/maria/code/study/mipt-build-systems/task3/sysroot/lib]
  collapse library dir [/home/maria/code/study/mipt-build-systems/task3/sysroot/usr/lib] ==> [/home/maria/code/study/mipt-build-systems/task3/sysroot/usr/lib]
  implicit libs: [gcc;gcc_s;c;gcc;gcc_s]
  implicit dirs: [/home/maria/code/study/mipt-build-systems/task3/toolchain/gcc-linaro-i686_arm-linux-gnueabihf/lib/gcc/arm-linux-gnueabihf/7.5.0;/home/maria/code/study/mipt-build-systems/task3/toolchain/gcc-linaro-i686_arm-linux-gnueabihf/lib/gcc/arm-linux-gnueabihf;/home/maria/code/study/mipt-build-systems/task3/toolchain/gcc-linaro-i686_arm-linux-gnueabihf/lib/gcc;/home/maria/code/study/mipt-build-systems/task3/toolchain/gcc-linaro-i686_arm-linux-gnueabihf/arm-linux-gnueabihf/lib;/home/maria/code/study/mipt-build-systems/task3/sysroot/lib;/home/maria/code/study/mipt-build-systems/task3/sysroot/usr/lib]
  implicit fwks: []




Detecting C [-std=c11] compiler features compiled with the following output:
Change Dir: /home/maria/code/study/mipt-build-systems/task3/TechProgSimpleLibrary/bld/CMakeFiles/CMakeTmp

Run Build Command:"/usr/bin/make" "cmTC_7dabc/fast"
/usr/bin/make -f CMakeFiles/cmTC_7dabc.dir/build.make CMakeFiles/cmTC_7dabc.dir/build
make[1]: Entering directory '/home/maria/code/study/mipt-build-systems/task3/TechProgSimpleLibrary/bld/CMakeFiles/CMakeTmp'
Building C object CMakeFiles/cmTC_7dabc.dir/feature_tests.c.o
/home/maria/code/study/mipt-build-systems/task3/toolchain/gcc-linaro-i686_arm-linux-gnueabihf/bin/arm-linux-gnueabihf-gcc --sysroot=/home/maria/code/study/mipt-build-systems/task3/sysroot   -std=c11 -o CMakeFiles/cmTC_7dabc.dir/feature_tests.c.o   -c /home/maria/code/study/mipt-build-systems/task3/TechProgSimpleLibrary/bld/CMakeFiles/feature_tests.c
Linking C executable cmTC_7dabc
/usr/bin/cmake -E cmake_link_script CMakeFiles/cmTC_7dabc.dir/link.txt --verbose=1
/home/maria/code/study/mipt-build-systems/task3/toolchain/gcc-linaro-i686_arm-linux-gnueabihf/bin/arm-linux-gnueabihf-gcc --sysroot=/home/maria/code/study/mipt-build-systems/task3/sysroot      -rdynamic CMakeFiles/cmTC_7dabc.dir/feature_tests.c.o  -o cmTC_7dabc 
make[1]: Leaving directory '/home/maria/code/study/mipt-build-systems/task3/TechProgSimpleLibrary/bld/CMakeFiles/CMakeTmp'


    Feature record: C_FEATURE:1c_function_prototypes
    Feature record: C_FEATURE:1c_restrict
    Feature record: C_FEATURE:1c_static_assert
    Feature record: C_FEATURE:1c_variadic_macros


Detecting C [-std=c99] compiler features compiled with the following output:
Change Dir: /home/maria/code/study/mipt-build-systems/task3/TechProgSimpleLibrary/bld/CMakeFiles/CMakeTmp

Run Build Command:"/usr/bin/make" "cmTC_c6edf/fast"
/usr/bin/make -f CMakeFiles/cmTC_c6edf.dir/build.make CMakeFiles/cmTC_c6edf.dir/build
make[1]: Entering directory '/home/maria/code/study/mipt-build-systems/task3/TechProgSimpleLibrary/bld/CMakeFiles/CMakeTmp'
Building C object CMakeFiles/cmTC_c6edf.dir/feature_tests.c.o
/home/maria/code/study/mipt-build-systems/task3/toolchain/gcc-linaro-i686_arm-linux-gnueabihf/bin/arm-linux-gnueabihf-gcc --sysroot=/home/maria/code/study/mipt-build-systems/task3/sysroot   -std=c99 -o CMakeFiles/cmTC_c6edf.dir/feature_tests.c.o   -c /home/maria/code/study/mipt-build-systems/task3/TechProgSimpleLibrary/bld/CMakeFiles/feature_tests.c
Linking C executable cmTC_c6edf
/usr/bin/cmake -E cmake_link_script CMakeFiles/cmTC_c6edf.dir/link.txt --verbose=1
/home/maria/code/study/mipt-build-systems/task3/toolchain/gcc-linaro-i686_arm-linux-gnueabihf/bin/arm-linux-gnueabihf-gcc --sysroot=/home/maria/code/study/mipt-build-systems/task3/sysroot      -rdynamic CMakeFiles/cmTC_c6edf.dir/feature_tests.c.o  -o cmTC_c6edf 
make[1]: Leaving directory '/home/maria/code/study/mipt-build-systems/task3/TechProgSimpleLibrary/bld/CMakeFiles/CMakeTmp'


    Feature record: C_FEATURE:1c_function_prototypes
    Feature record: C_FEATURE:1c_restrict
    Feature record: C_FEATURE:0c_static_assert
    Feature record: C_FEATURE:1c_variadic_macros


Detecting C [-std=c90] compiler features compiled with the following output:
Change Dir: /home/maria/code/study/mipt-build-systems/task3/TechProgSimpleLibrary/bld/CMakeFiles/CMakeTmp

Run Build Command:"/usr/bin/make" "cmTC_4abfd/fast"
/usr/bin/make -f CMakeFiles/cmTC_4abfd.dir/build.make CMakeFiles/cmTC_4abfd.dir/build
make[1]: Entering directory '/home/maria/code/study/mipt-build-systems/task3/TechProgSimpleLibrary/bld/CMakeFiles/CMakeTmp'
Building C object CMakeFiles/cmTC_4abfd.dir/feature_tests.c.o
/home/maria/code/study/mipt-build-systems/task3/toolchain/gcc-linaro-i686_arm-linux-gnueabihf/bin/arm-linux-gnueabihf-gcc --sysroot=/home/maria/code/study/mipt-build-systems/task3/sysroot   -std=c90 -o CMakeFiles/cmTC_4abfd.dir/feature_tests.c.o   -c /home/maria/code/study/mipt-build-systems/task3/TechProgSimpleLibrary/bld/CMakeFiles/feature_tests.c
Linking C executable cmTC_4abfd
/usr/bin/cmake -E cmake_link_script CMakeFiles/cmTC_4abfd.dir/link.txt --verbose=1
/home/maria/code/study/mipt-build-systems/task3/toolchain/gcc-linaro-i686_arm-linux-gnueabihf/bin/arm-linux-gnueabihf-gcc --sysroot=/home/maria/code/study/mipt-build-systems/task3/sysroot      -rdynamic CMakeFiles/cmTC_4abfd.dir/feature_tests.c.o  -o cmTC_4abfd 
make[1]: Leaving directory '/home/maria/code/study/mipt-build-systems/task3/TechProgSimpleLibrary/bld/CMakeFiles/CMakeTmp'


    Feature record: C_FEATURE:1c_function_prototypes
    Feature record: C_FEATURE:0c_restrict
    Feature record: C_FEATURE:0c_static_assert
    Feature record: C_FEATURE:0c_variadic_macros
Determining if the CXX compiler works passed with the following output:
Change Dir: /home/maria/code/study/mipt-build-systems/task3/TechProgSimpleLibrary/bld/CMakeFiles/CMakeTmp

Run Build Command:"/usr/bin/make" "cmTC_7611e/fast"
/usr/bin/make -f CMakeFiles/cmTC_7611e.dir/build.make CMakeFiles/cmTC_7611e.dir/build
make[1]: Entering directory '/home/maria/code/study/mipt-build-systems/task3/TechProgSimpleLibrary/bld/CMakeFiles/CMakeTmp'
Building CXX object CMakeFiles/cmTC_7611e.dir/testCXXCompiler.cxx.o
/home/maria/code/study/mipt-build-systems/task3/toolchain/gcc-linaro-i686_arm-linux-gnueabihf/bin/arm-linux-gnueabihf-g++ --sysroot=/home/maria/code/study/mipt-build-systems/task3/sysroot     -o CMakeFiles/cmTC_7611e.dir/testCXXCompiler.cxx.o -c /home/maria/code/study/mipt-build-systems/task3/TechProgSimpleLibrary/bld/CMakeFiles/CMakeTmp/testCXXCompiler.cxx
Linking CXX executable cmTC_7611e
/usr/bin/cmake -E cmake_link_script CMakeFiles/cmTC_7611e.dir/link.txt --verbose=1
/home/maria/code/study/mipt-build-systems/task3/toolchain/gcc-linaro-i686_arm-linux-gnueabihf/bin/arm-linux-gnueabihf-g++ --sysroot=/home/maria/code/study/mipt-build-systems/task3/sysroot       -rdynamic CMakeFiles/cmTC_7611e.dir/testCXXCompiler.cxx.o  -o cmTC_7611e 
make[1]: Leaving directory '/home/maria/code/study/mipt-build-systems/task3/TechProgSimpleLibrary/bld/CMakeFiles/CMakeTmp'


Detecting CXX compiler ABI info compiled with the following output:
Change Dir: /home/maria/code/study/mipt-build-systems/task3/TechProgSimpleLibrary/bld/CMakeFiles/CMakeTmp

Run Build Command:"/usr/bin/make" "cmTC_57be6/fast"
/usr/bin/make -f CMakeFiles/cmTC_57be6.dir/build.make CMakeFiles/cmTC_57be6.dir/build
make[1]: Entering directory '/home/maria/code/study/mipt-build-systems/task3/TechProgSimpleLibrary/bld/CMakeFiles/CMakeTmp'
Building CXX object CMakeFiles/cmTC_57be6.dir/CMakeCXXCompilerABI.cpp.o
/home/maria/code/study/mipt-build-systems/task3/toolchain/gcc-linaro-i686_arm-linux-gnueabihf/bin/arm-linux-gnueabihf-g++ --sysroot=/home/maria/code/study/mipt-build-systems/task3/sysroot     -o CMakeFiles/cmTC_57be6.dir/CMakeCXXCompilerABI.cpp.o -c /usr/share/cmake-3.10/Modules/CMakeCXXCompilerABI.cpp
Linking CXX executable cmTC_57be6
/usr/bin/cmake -E cmake_link_script CMakeFiles/cmTC_57be6.dir/link.txt --verbose=1
/home/maria/code/study/mipt-build-systems/task3/toolchain/gcc-linaro-i686_arm-linux-gnueabihf/bin/arm-linux-gnueabihf-g++ --sysroot=/home/maria/code/study/mipt-build-systems/task3/sysroot      -v -rdynamic CMakeFiles/cmTC_57be6.dir/CMakeCXXCompilerABI.cpp.o  -o cmTC_57be6 
Using built-in specs.
COLLECT_GCC=/home/maria/code/study/mipt-build-systems/task3/toolchain/gcc-linaro-i686_arm-linux-gnueabihf/bin/arm-linux-gnueabihf-g++
COLLECT_LTO_WRAPPER=/home/maria/code/study/mipt-build-systems/task3/toolchain/gcc-linaro-i686_arm-linux-gnueabihf/bin/../libexec/gcc/arm-linux-gnueabihf/7.5.0/lto-wrapper
Target: arm-linux-gnueabihf
Configured with: '/home/tcwg-buildslave/workspace/tcwg-make-release_1/snapshots/gcc.git~linaro-7.5-2019.12/configure' SHELL=/bin/bash --with-mpc=/home/tcwg-buildslave/workspace/tcwg-make-release_1/_build/builds/destdir/i686-pc-linux-gnu --with-mpfr=/home/tcwg-buildslave/workspace/tcwg-make-release_1/_build/builds/destdir/i686-pc-linux-gnu --with-gmp=/home/tcwg-buildslave/workspace/tcwg-make-release_1/_build/builds/destdir/i686-pc-linux-gnu --with-gnu-as --with-gnu-ld --disable-libmudflap --enable-lto --enable-shared --without-included-gettext --enable-nls --with-system-zlib --disable-sjlj-exceptions --enable-gnu-unique-object --enable-linker-build-id --disable-libstdcxx-pch --enable-c99 --enable-clocale=gnu --enable-libstdcxx-debug --enable-long-long --with-cloog=no --with-ppl=no --with-isl=no --disable-multilib --with-float=hard --with-fpu=vfpv3-d16 --with-mode=thumb --with-tune=cortex-a9 --with-arch=armv7-a --enable-threads=posix --enable-multiarch --enable-libstdcxx-time=yes --enable-gnu-indirect-function --with-build-sysroot=/home/tcwg-buildslave/workspace/tcwg-make-release_1/_build/sysroots/arm-linux-gnueabihf --with-sysroot=/home/tcwg-buildslave/workspace/tcwg-make-release_1/_build/builds/destdir/i686-pc-linux-gnu/arm-linux-gnueabihf/libc --enable-checking=release --disable-bootstrap --enable-languages=c,c++,fortran,lto --build=i686-pc-linux-gnu --host=i686-pc-linux-gnu --target=arm-linux-gnueabihf --prefix=/home/tcwg-buildslave/workspace/tcwg-make-release_1/_build/builds/destdir/i686-pc-linux-gnu
Thread model: posix
gcc version 7.5.0 (Linaro GCC 7.5-2019.12) 
COMPILER_PATH=/home/maria/code/study/mipt-build-systems/task3/toolchain/gcc-linaro-i686_arm-linux-gnueabihf/bin/../libexec/gcc/arm-linux-gnueabihf/7.5.0/:/home/maria/code/study/mipt-build-systems/task3/toolchain/gcc-linaro-i686_arm-linux-gnueabihf/bin/../libexec/gcc/arm-linux-gnueabihf/:/home/maria/code/study/mipt-build-systems/task3/toolchain/gcc-linaro-i686_arm-linux-gnueabihf/bin/../libexec/gcc/:/home/maria/code/study/mipt-build-systems/task3/toolchain/gcc-linaro-i686_arm-linux-gnueabihf/bin/../lib/gcc/arm-linux-gnueabihf/7.5.0/../../../../arm-linux-gnueabihf/bin/
LIBRARY_PATH=/home/maria/code/study/mipt-build-systems/task3/toolchain/gcc-linaro-i686_arm-linux-gnueabihf/bin/../lib/gcc/arm-linux-gnueabihf/7.5.0/:/home/maria/code/study/mipt-build-systems/task3/toolchain/gcc-linaro-i686_arm-linux-gnueabihf/bin/../lib/gcc/arm-linux-gnueabihf/:/home/maria/code/study/mipt-build-systems/task3/toolchain/gcc-linaro-i686_arm-linux-gnueabihf/bin/../lib/gcc/:/home/maria/code/study/mipt-build-systems/task3/toolchain/gcc-linaro-i686_arm-linux-gnueabihf/bin/../lib/gcc/arm-linux-gnueabihf/7.5.0/../../../../arm-linux-gnueabihf/lib/:/home/maria/code/study/mipt-build-systems/task3/sysroot/lib/:/home/maria/code/study/mipt-build-systems/task3/sysroot/usr/lib/
COLLECT_GCC_OPTIONS='-v' '-rdynamic' '-o' 'cmTC_57be6' '-shared-libgcc' '-march=armv7-a' '-mtune=cortex-a9' '-mfloat-abi=hard' '-mfpu=vfpv3-d16' '-mthumb' '-mtls-dialect=gnu'
 /home/maria/code/study/mipt-build-systems/task3/toolchain/gcc-linaro-i686_arm-linux-gnueabihf/bin/../libexec/gcc/arm-linux-gnueabihf/7.5.0/collect2 -plugin /home/maria/code/study/mipt-build-systems/task3/toolchain/gcc-linaro-i686_arm-linux-gnueabihf/bin/../libexec/gcc/arm-linux-gnueabihf/7.5.0/liblto_plugin.so -plugin-opt=/home/maria/code/study/mipt-build-systems/task3/toolchain/gcc-linaro-i686_arm-linux-gnueabihf/bin/../libexec/gcc/arm-linux-gnueabihf/7.5.0/lto-wrapper -plugin-opt=-fresolution=/tmp/cciYrY2p.res -plugin-opt=-pass-through=-lgcc_s -plugin-opt=-pass-through=-lgcc -plugin-opt=-pass-through=-lc -plugin-opt=-pass-through=-lgcc_s -plugin-opt=-pass-through=-lgcc --sysroot=/home/maria/code/study/mipt-build-systems/task3/sysroot --build-id --eh-frame-hdr -export-dynamic -dynamic-linker /lib/ld-linux-armhf.so.3 -X -m armelf_linux_eabi -o cmTC_57be6 /home/maria/code/study/mipt-build-systems/task3/sysroot/usr/lib/crt1.o /home/maria/code/study/mipt-build-systems/task3/sysroot/usr/lib/crti.o /home/maria/code/study/mipt-build-systems/task3/toolchain/gcc-linaro-i686_arm-linux-gnueabihf/bin/../lib/gcc/arm-linux-gnueabihf/7.5.0/crtbegin.o -L/home/maria/code/study/mipt-build-systems/task3/toolchain/gcc-linaro-i686_arm-linux-gnueabihf/bin/../lib/gcc/arm-linux-gnueabihf/7.5.0 -L/home/maria/code/study/mipt-build-systems/task3/toolchain/gcc-linaro-i686_arm-linux-gnueabihf/bin/../lib/gcc/arm-linux-gnueabihf -L/home/maria/code/study/mipt-build-systems/task3/toolchain/gcc-linaro-i686_arm-linux-gnueabihf/bin/../lib/gcc -L/home/maria/code/study/mipt-build-systems/task3/toolchain/gcc-linaro-i686_arm-linux-gnueabihf/bin/../lib/gcc/arm-linux-gnueabihf/7.5.0/../../../../arm-linux-gnueabihf/lib -L/home/maria/code/study/mipt-build-systems/task3/sysroot/lib -L/home/maria/code/study/mipt-build-systems/task3/sysroot/usr/lib CMakeFiles/cmTC_57be6.dir/CMakeCXXCompilerABI.cpp.o -lstdc++ -lm -lgcc_s -lgcc -lc -lgcc_s -lgcc /home/maria/code/study/mipt-build-systems/task3/toolchain/gcc-linaro-i686_arm-linux-gnueabihf/bin/../lib/gcc/arm-linux-gnueabihf/7.5.0/crtend.o /home/maria/code/study/mipt-build-systems/task3/sysroot/usr/lib/crtn.o
COLLECT_GCC_OPTIONS='-v' '-rdynamic' '-o' 'cmTC_57be6' '-shared-libgcc' '-march=armv7-a' '-mtune=cortex-a9' '-mfloat-abi=hard' '-mfpu=vfpv3-d16' '-mthumb' '-mtls-dialect=gnu'
make[1]: Leaving directory '/home/maria/code/study/mipt-build-systems/task3/TechProgSimpleLibrary/bld/CMakeFiles/CMakeTmp'


Parsed CXX implicit link information from above output:
  link line regex: [^( *|.*[/\])(arm-linux-gnueabihf-ld|CMAKE_LINK_STARTFILE-NOTFOUND|([^/\]+-)?ld|collect2)[^/\]*( |$)]
  ignore line: [Change Dir: /home/maria/code/study/mipt-build-systems/task3/TechProgSimpleLibrary/bld/CMakeFiles/CMakeTmp]
  ignore line: []
  ignore line: [Run Build Command:"/usr/bin/make" "cmTC_57be6/fast"]
  ignore line: [/usr/bin/make -f CMakeFiles/cmTC_57be6.dir/build.make CMakeFiles/cmTC_57be6.dir/build]
  ignore line: [make[1]: Entering directory '/home/maria/code/study/mipt-build-systems/task3/TechProgSimpleLibrary/bld/CMakeFiles/CMakeTmp']
  ignore line: [Building CXX object CMakeFiles/cmTC_57be6.dir/CMakeCXXCompilerABI.cpp.o]
  ignore line: [/home/maria/code/study/mipt-build-systems/task3/toolchain/gcc-linaro-i686_arm-linux-gnueabihf/bin/arm-linux-gnueabihf-g++ --sysroot=/home/maria/code/study/mipt-build-systems/task3/sysroot     -o CMakeFiles/cmTC_57be6.dir/CMakeCXXCompilerABI.cpp.o -c /usr/share/cmake-3.10/Modules/CMakeCXXCompilerABI.cpp]
  ignore line: [Linking CXX executable cmTC_57be6]
  ignore line: [/usr/bin/cmake -E cmake_link_script CMakeFiles/cmTC_57be6.dir/link.txt --verbose=1]
  ignore line: [/home/maria/code/study/mipt-build-systems/task3/toolchain/gcc-linaro-i686_arm-linux-gnueabihf/bin/arm-linux-gnueabihf-g++ --sysroot=/home/maria/code/study/mipt-build-systems/task3/sysroot      -v -rdynamic CMakeFiles/cmTC_57be6.dir/CMakeCXXCompilerABI.cpp.o  -o cmTC_57be6 ]
  ignore line: [Using built-in specs.]
  ignore line: [COLLECT_GCC=/home/maria/code/study/mipt-build-systems/task3/toolchain/gcc-linaro-i686_arm-linux-gnueabihf/bin/arm-linux-gnueabihf-g++]
  ignore line: [COLLECT_LTO_WRAPPER=/home/maria/code/study/mipt-build-systems/task3/toolchain/gcc-linaro-i686_arm-linux-gnueabihf/bin/../libexec/gcc/arm-linux-gnueabihf/7.5.0/lto-wrapper]
  ignore line: [Target: arm-linux-gnueabihf]
  ignore line: [Configured with: '/home/tcwg-buildslave/workspace/tcwg-make-release_1/snapshots/gcc.git~linaro-7.5-2019.12/configure' SHELL=/bin/bash --with-mpc=/home/tcwg-buildslave/workspace/tcwg-make-release_1/_build/builds/destdir/i686-pc-linux-gnu --with-mpfr=/home/tcwg-buildslave/workspace/tcwg-make-release_1/_build/builds/destdir/i686-pc-linux-gnu --with-gmp=/home/tcwg-buildslave/workspace/tcwg-make-release_1/_build/builds/destdir/i686-pc-linux-gnu --with-gnu-as --with-gnu-ld --disable-libmudflap --enable-lto --enable-shared --without-included-gettext --enable-nls --with-system-zlib --disable-sjlj-exceptions --enable-gnu-unique-object --enable-linker-build-id --disable-libstdcxx-pch --enable-c99 --enable-clocale=gnu --enable-libstdcxx-debug --enable-long-long --with-cloog=no --with-ppl=no --with-isl=no --disable-multilib --with-float=hard --with-fpu=vfpv3-d16 --with-mode=thumb --with-tune=cortex-a9 --with-arch=armv7-a --enable-threads=posix --enable-multiarch --enable-libstdcxx-time=yes --enable-gnu-indirect-function --with-build-sysroot=/home/tcwg-buildslave/workspace/tcwg-make-release_1/_build/sysroots/arm-linux-gnueabihf --with-sysroot=/home/tcwg-buildslave/workspace/tcwg-make-release_1/_build/builds/destdir/i686-pc-linux-gnu/arm-linux-gnueabihf/libc --enable-checking=release --disable-bootstrap --enable-languages=c,c++,fortran,lto --build=i686-pc-linux-gnu --host=i686-pc-linux-gnu --target=arm-linux-gnueabihf --prefix=/home/tcwg-buildslave/workspace/tcwg-make-release_1/_build/builds/destdir/i686-pc-linux-gnu]
  ignore line: [Thread model: posix]
  ignore line: [gcc version 7.5.0 (Linaro GCC 7.5-2019.12) ]
  ignore line: [COMPILER_PATH=/home/maria/code/study/mipt-build-systems/task3/toolchain/gcc-linaro-i686_arm-linux-gnueabihf/bin/../libexec/gcc/arm-linux-gnueabihf/7.5.0/:/home/maria/code/study/mipt-build-systems/task3/toolchain/gcc-linaro-i686_arm-linux-gnueabihf/bin/../libexec/gcc/arm-linux-gnueabihf/:/home/maria/code/study/mipt-build-systems/task3/toolchain/gcc-linaro-i686_arm-linux-gnueabihf/bin/../libexec/gcc/:/home/maria/code/study/mipt-build-systems/task3/toolchain/gcc-linaro-i686_arm-linux-gnueabihf/bin/../lib/gcc/arm-linux-gnueabihf/7.5.0/../../../../arm-linux-gnueabihf/bin/]
  ignore line: [LIBRARY_PATH=/home/maria/code/study/mipt-build-systems/task3/toolchain/gcc-linaro-i686_arm-linux-gnueabihf/bin/../lib/gcc/arm-linux-gnueabihf/7.5.0/:/home/maria/code/study/mipt-build-systems/task3/toolchain/gcc-linaro-i686_arm-linux-gnueabihf/bin/../lib/gcc/arm-linux-gnueabihf/:/home/maria/code/study/mipt-build-systems/task3/toolchain/gcc-linaro-i686_arm-linux-gnueabihf/bin/../lib/gcc/:/home/maria/code/study/mipt-build-systems/task3/toolchain/gcc-linaro-i686_arm-linux-gnueabihf/bin/../lib/gcc/arm-linux-gnueabihf/7.5.0/../../../../arm-linux-gnueabihf/lib/:/home/maria/code/study/mipt-build-systems/task3/sysroot/lib/:/home/maria/code/study/mipt-build-systems/task3/sysroot/usr/lib/]
  ignore line: [COLLECT_GCC_OPTIONS='-v' '-rdynamic' '-o' 'cmTC_57be6' '-shared-libgcc' '-march=armv7-a' '-mtune=cortex-a9' '-mfloat-abi=hard' '-mfpu=vfpv3-d16' '-mthumb' '-mtls-dialect=gnu']
  link line: [ /home/maria/code/study/mipt-build-systems/task3/toolchain/gcc-linaro-i686_arm-linux-gnueabihf/bin/../libexec/gcc/arm-linux-gnueabihf/7.5.0/collect2 -plugin /home/maria/code/study/mipt-build-systems/task3/toolchain/gcc-linaro-i686_arm-linux-gnueabihf/bin/../libexec/gcc/arm-linux-gnueabihf/7.5.0/liblto_plugin.so -plugin-opt=/home/maria/code/study/mipt-build-systems/task3/toolchain/gcc-linaro-i686_arm-linux-gnueabihf/bin/../libexec/gcc/arm-linux-gnueabihf/7.5.0/lto-wrapper -plugin-opt=-fresolution=/tmp/cciYrY2p.res -plugin-opt=-pass-through=-lgcc_s -plugin-opt=-pass-through=-lgcc -plugin-opt=-pass-through=-lc -plugin-opt=-pass-through=-lgcc_s -plugin-opt=-pass-through=-lgcc --sysroot=/home/maria/code/study/mipt-build-systems/task3/sysroot --build-id --eh-frame-hdr -export-dynamic -dynamic-linker /lib/ld-linux-armhf.so.3 -X -m armelf_linux_eabi -o cmTC_57be6 /home/maria/code/study/mipt-build-systems/task3/sysroot/usr/lib/crt1.o /home/maria/code/study/mipt-build-systems/task3/sysroot/usr/lib/crti.o /home/maria/code/study/mipt-build-systems/task3/toolchain/gcc-linaro-i686_arm-linux-gnueabihf/bin/../lib/gcc/arm-linux-gnueabihf/7.5.0/crtbegin.o -L/home/maria/code/study/mipt-build-systems/task3/toolchain/gcc-linaro-i686_arm-linux-gnueabihf/bin/../lib/gcc/arm-linux-gnueabihf/7.5.0 -L/home/maria/code/study/mipt-build-systems/task3/toolchain/gcc-linaro-i686_arm-linux-gnueabihf/bin/../lib/gcc/arm-linux-gnueabihf -L/home/maria/code/study/mipt-build-systems/task3/toolchain/gcc-linaro-i686_arm-linux-gnueabihf/bin/../lib/gcc -L/home/maria/code/study/mipt-build-systems/task3/toolchain/gcc-linaro-i686_arm-linux-gnueabihf/bin/../lib/gcc/arm-linux-gnueabihf/7.5.0/../../../../arm-linux-gnueabihf/lib -L/home/maria/code/study/mipt-build-systems/task3/sysroot/lib -L/home/maria/code/study/mipt-build-systems/task3/sysroot/usr/lib CMakeFiles/cmTC_57be6.dir/CMakeCXXCompilerABI.cpp.o -lstdc++ -lm -lgcc_s -lgcc -lc -lgcc_s -lgcc /home/maria/code/study/mipt-build-systems/task3/toolchain/gcc-linaro-i686_arm-linux-gnueabihf/bin/../lib/gcc/arm-linux-gnueabihf/7.5.0/crtend.o /home/maria/code/study/mipt-build-systems/task3/sysroot/usr/lib/crtn.o]
    arg [/home/maria/code/study/mipt-build-systems/task3/toolchain/gcc-linaro-i686_arm-linux-gnueabihf/bin/../libexec/gcc/arm-linux-gnueabihf/7.5.0/collect2] ==> ignore
    arg [-plugin] ==> ignore
    arg [/home/maria/code/study/mipt-build-systems/task3/toolchain/gcc-linaro-i686_arm-linux-gnueabihf/bin/../libexec/gcc/arm-linux-gnueabihf/7.5.0/liblto_plugin.so] ==> ignore
    arg [-plugin-opt=/home/maria/code/study/mipt-build-systems/task3/toolchain/gcc-linaro-i686_arm-linux-gnueabihf/bin/../libexec/gcc/arm-linux-gnueabihf/7.5.0/lto-wrapper] ==> ignore
    arg [-plugin-opt=-fresolution=/tmp/cciYrY2p.res] ==> ignore
    arg [-plugin-opt=-pass-through=-lgcc_s] ==> ignore
    arg [-plugin-opt=-pass-through=-lgcc] ==> ignore
    arg [-plugin-opt=-pass-through=-lc] ==> ignore
    arg [-plugin-opt=-pass-through=-lgcc_s] ==> ignore
    arg [-plugin-opt=-pass-through=-lgcc] ==> ignore
    arg [--sysroot=/home/maria/code/study/mipt-build-systems/task3/sysroot] ==> ignore
    arg [--build-id] ==> ignore
    arg [--eh-frame-hdr] ==> ignore
    arg [-export-dynamic] ==> ignore
    arg [-dynamic-linker] ==> ignore
    arg [/lib/ld-linux-armhf.so.3] ==> ignore
    arg [-X] ==> ignore
    arg [-m] ==> ignore
    arg [armelf_linux_eabi] ==> ignore
    arg [-o] ==> ignore
    arg [cmTC_57be6] ==> ignore
    arg [/home/maria/code/study/mipt-build-systems/task3/sysroot/usr/lib/crt1.o] ==> ignore
    arg [/home/maria/code/study/mipt-build-systems/task3/sysroot/usr/lib/crti.o] ==> ignore
    arg [/home/maria/code/study/mipt-build-systems/task3/toolchain/gcc-linaro-i686_arm-linux-gnueabihf/bin/../lib/gcc/arm-linux-gnueabihf/7.5.0/crtbegin.o] ==> ignore
    arg [-L/home/maria/code/study/mipt-build-systems/task3/toolchain/gcc-linaro-i686_arm-linux-gnueabihf/bin/../lib/gcc/arm-linux-gnueabihf/7.5.0] ==> dir [/home/maria/code/study/mipt-build-systems/task3/toolchain/gcc-linaro-i686_arm-linux-gnueabihf/bin/../lib/gcc/arm-linux-gnueabihf/7.5.0]
    arg [-L/home/maria/code/study/mipt-build-systems/task3/toolchain/gcc-linaro-i686_arm-linux-gnueabihf/bin/../lib/gcc/arm-linux-gnueabihf] ==> dir [/home/maria/code/study/mipt-build-systems/task3/toolchain/gcc-linaro-i686_arm-linux-gnueabihf/bin/../lib/gcc/arm-linux-gnueabihf]
    arg [-L/home/maria/code/study/mipt-build-systems/task3/toolchain/gcc-linaro-i686_arm-linux-gnueabihf/bin/../lib/gcc] ==> dir [/home/maria/code/study/mipt-build-systems/task3/toolchain/gcc-linaro-i686_arm-linux-gnueabihf/bin/../lib/gcc]
    arg [-L/home/maria/code/study/mipt-build-systems/task3/toolchain/gcc-linaro-i686_arm-linux-gnueabihf/bin/../lib/gcc/arm-linux-gnueabihf/7.5.0/../../../../arm-linux-gnueabihf/lib] ==> dir [/home/maria/code/study/mipt-build-systems/task3/toolchain/gcc-linaro-i686_arm-linux-gnueabihf/bin/../lib/gcc/arm-linux-gnueabihf/7.5.0/../../../../arm-linux-gnueabihf/lib]
    arg [-L/home/maria/code/study/mipt-build-systems/task3/sysroot/lib] ==> dir [/home/maria/code/study/mipt-build-systems/task3/sysroot/lib]
    arg [-L/home/maria/code/study/mipt-build-systems/task3/sysroot/usr/lib] ==> dir [/home/maria/code/study/mipt-build-systems/task3/sysroot/usr/lib]
    arg [CMakeFiles/cmTC_57be6.dir/CMakeCXXCompilerABI.cpp.o] ==> ignore
    arg [-lstdc++] ==> lib [stdc++]
    arg [-lm] ==> lib [m]
    arg [-lgcc_s] ==> lib [gcc_s]
    arg [-lgcc] ==> lib [gcc]
    arg [-lc] ==> lib [c]
    arg [-lgcc_s] ==> lib [gcc_s]
    arg [-lgcc] ==> lib [gcc]
    arg [/home/maria/code/study/mipt-build-systems/task3/toolchain/gcc-linaro-i686_arm-linux-gnueabihf/bin/../lib/gcc/arm-linux-gnueabihf/7.5.0/crtend.o] ==> ignore
    arg [/home/maria/code/study/mipt-build-systems/task3/sysroot/usr/lib/crtn.o] ==> ignore
  collapse library dir [/home/maria/code/study/mipt-build-systems/task3/toolchain/gcc-linaro-i686_arm-linux-gnueabihf/bin/../lib/gcc/arm-linux-gnueabihf/7.5.0] ==> [/home/maria/code/study/mipt-build-systems/task3/toolchain/gcc-linaro-i686_arm-linux-gnueabihf/lib/gcc/arm-linux-gnueabihf/7.5.0]
  collapse library dir [/home/maria/code/study/mipt-build-systems/task3/toolchain/gcc-linaro-i686_arm-linux-gnueabihf/bin/../lib/gcc/arm-linux-gnueabihf] ==> [/home/maria/code/study/mipt-build-systems/task3/toolchain/gcc-linaro-i686_arm-linux-gnueabihf/lib/gcc/arm-linux-gnueabihf]
  collapse library dir [/home/maria/code/study/mipt-build-systems/task3/toolchain/gcc-linaro-i686_arm-linux-gnueabihf/bin/../lib/gcc] ==> [/home/maria/code/study/mipt-build-systems/task3/toolchain/gcc-linaro-i686_arm-linux-gnueabihf/lib/gcc]
  collapse library dir [/home/maria/code/study/mipt-build-systems/task3/toolchain/gcc-linaro-i686_arm-linux-gnueabihf/bin/../lib/gcc/arm-linux-gnueabihf/7.5.0/../../../../arm-linux-gnueabihf/lib] ==> [/home/maria/code/study/mipt-build-systems/task3/toolchain/gcc-linaro-i686_arm-linux-gnueabihf/arm-linux-gnueabihf/lib]
  collapse library dir [/home/maria/code/study/mipt-build-systems/task3/sysroot/lib] ==> [/home/maria/code/study/mipt-build-systems/task3/sysroot/lib]
  collapse library dir [/home/maria/code/study/mipt-build-systems/task3/sysroot/usr/lib] ==> [/home/maria/code/study/mipt-build-systems/task3/sysroot/usr/lib]
  implicit libs: [stdc++;m;gcc_s;gcc;c;gcc_s;gcc]
  implicit dirs: [/home/maria/code/study/mipt-build-systems/task3/toolchain/gcc-linaro-i686_arm-linux-gnueabihf/lib/gcc/arm-linux-gnueabihf/7.5.0;/home/maria/code/study/mipt-build-systems/task3/toolchain/gcc-linaro-i686_arm-linux-gnueabihf/lib/gcc/arm-linux-gnueabihf;/home/maria/code/study/mipt-build-systems/task3/toolchain/gcc-linaro-i686_arm-linux-gnueabihf/lib/gcc;/home/maria/code/study/mipt-build-systems/task3/toolchain/gcc-linaro-i686_arm-linux-gnueabihf/arm-linux-gnueabihf/lib;/home/maria/code/study/mipt-build-systems/task3/sysroot/lib;/home/maria/code/study/mipt-build-systems/task3/sysroot/usr/lib]
  implicit fwks: []




Detecting CXX [-std=c++1z] compiler features compiled with the following output:
Change Dir: /home/maria/code/study/mipt-build-systems/task3/TechProgSimpleLibrary/bld/CMakeFiles/CMakeTmp

Run Build Command:"/usr/bin/make" "cmTC_1e18c/fast"
/usr/bin/make -f CMakeFiles/cmTC_1e18c.dir/build.make CMakeFiles/cmTC_1e18c.dir/build
make[1]: Entering directory '/home/maria/code/study/mipt-build-systems/task3/TechProgSimpleLibrary/bld/CMakeFiles/CMakeTmp'
Building CXX object CMakeFiles/cmTC_1e18c.dir/feature_tests.cxx.o
/home/maria/code/study/mipt-build-systems/task3/toolchain/gcc-linaro-i686_arm-linux-gnueabihf/bin/arm-linux-gnueabihf-g++ --sysroot=/home/maria/code/study/mipt-build-systems/task3/sysroot    -std=c++1z -o CMakeFiles/cmTC_1e18c.dir/feature_tests.cxx.o -c /home/maria/code/study/mipt-build-systems/task3/TechProgSimpleLibrary/bld/CMakeFiles/feature_tests.cxx
Linking CXX executable cmTC_1e18c
/usr/bin/cmake -E cmake_link_script CMakeFiles/cmTC_1e18c.dir/link.txt --verbose=1
/home/maria/code/study/mipt-build-systems/task3/toolchain/gcc-linaro-i686_arm-linux-gnueabihf/bin/arm-linux-gnueabihf-g++ --sysroot=/home/maria/code/study/mipt-build-systems/task3/sysroot       -rdynamic CMakeFiles/cmTC_1e18c.dir/feature_tests.cxx.o  -o cmTC_1e18c 
make[1]: Leaving directory '/home/maria/code/study/mipt-build-systems/task3/TechProgSimpleLibrary/bld/CMakeFiles/CMakeTmp'


    Feature record: CXX_FEATURE:1cxx_aggregate_default_initializers
    Feature record: CXX_FEATURE:1cxx_alias_templates
    Feature record: CXX_FEATURE:1cxx_alignas
    Feature record: CXX_FEATURE:1cxx_alignof
    Feature record: CXX_FEATURE:1cxx_attributes
    Feature record: CXX_FEATURE:1cxx_attribute_deprecated
    Feature record: CXX_FEATURE:1cxx_auto_type
    Feature record: CXX_FEATURE:1cxx_binary_literals
    Feature record: CXX_FEATURE:1cxx_constexpr
    Feature record: CXX_FEATURE:1cxx_contextual_conversions
    Feature record: CXX_FEATURE:1cxx_decltype
    Feature record: CXX_FEATURE:1cxx_decltype_auto
    Feature record: CXX_FEATURE:1cxx_decltype_incomplete_return_types
    Feature record: CXX_FEATURE:1cxx_default_function_template_args
    Feature record: CXX_FEATURE:1cxx_defaulted_functions
    Feature record: CXX_FEATURE:1cxx_defaulted_move_initializers
    Feature record: CXX_FEATURE:1cxx_delegating_constructors
    Feature record: CXX_FEATURE:1cxx_deleted_functions
    Feature record: CXX_FEATURE:1cxx_digit_separators
    Feature record: CXX_FEATURE:1cxx_enum_forward_declarations
    Feature record: CXX_FEATURE:1cxx_explicit_conversions
    Feature record: CXX_FEATURE:1cxx_extended_friend_declarations
    Feature record: CXX_FEATURE:1cxx_extern_templates
    Feature record: CXX_FEATURE:1cxx_final
    Feature record: CXX_FEATURE:1cxx_func_identifier
    Feature record: CXX_FEATURE:1cxx_generalized_initializers
    Feature record: CXX_FEATURE:1cxx_generic_lambdas
    Feature record: CXX_FEATURE:1cxx_inheriting_constructors
    Feature record: CXX_FEATURE:1cxx_inline_namespaces
    Feature record: CXX_FEATURE:1cxx_lambdas
    Feature record: CXX_FEATURE:1cxx_lambda_init_captures
    Feature record: CXX_FEATURE:1cxx_local_type_template_args
    Feature record: CXX_FEATURE:1cxx_long_long_type
    Feature record: CXX_FEATURE:1cxx_noexcept
    Feature record: CXX_FEATURE:1cxx_nonstatic_member_init
    Feature record: CXX_FEATURE:1cxx_nullptr
    Feature record: CXX_FEATURE:1cxx_override
    Feature record: CXX_FEATURE:1cxx_range_for
    Feature record: CXX_FEATURE:1cxx_raw_string_literals
    Feature record: CXX_FEATURE:1cxx_reference_qualified_functions
    Feature record: CXX_FEATURE:1cxx_relaxed_constexpr
    Feature record: CXX_FEATURE:1cxx_return_type_deduction
    Feature record: CXX_FEATURE:1cxx_right_angle_brackets
    Feature record: CXX_FEATURE:1cxx_rvalue_references
    Feature record: CXX_FEATURE:1cxx_sizeof_member
    Feature record: CXX_FEATURE:1cxx_static_assert
    Feature record: CXX_FEATURE:1cxx_strong_enums
    Feature record: CXX_FEATURE:1cxx_template_template_parameters
    Feature record: CXX_FEATURE:1cxx_thread_local
    Feature record: CXX_FEATURE:1cxx_trailing_return_types
    Feature record: CXX_FEATURE:1cxx_unicode_literals
    Feature record: CXX_FEATURE:1cxx_uniform_initialization
    Feature record: CXX_FEATURE:1cxx_unrestricted_unions
    Feature record: CXX_FEATURE:1cxx_user_literals
    Feature record: CXX_FEATURE:1cxx_variable_templates
    Feature record: CXX_FEATURE:1cxx_variadic_macros
    Feature record: CXX_FEATURE:1cxx_variadic_templates


Detecting CXX [-std=c++14] compiler features compiled with the following output:
Change Dir: /home/maria/code/study/mipt-build-systems/task3/TechProgSimpleLibrary/bld/CMakeFiles/CMakeTmp

Run Build Command:"/usr/bin/make" "cmTC_b1014/fast"
/usr/bin/make -f CMakeFiles/cmTC_b1014.dir/build.make CMakeFiles/cmTC_b1014.dir/build
make[1]: Entering directory '/home/maria/code/study/mipt-build-systems/task3/TechProgSimpleLibrary/bld/CMakeFiles/CMakeTmp'
Building CXX object CMakeFiles/cmTC_b1014.dir/feature_tests.cxx.o
/home/maria/code/study/mipt-build-systems/task3/toolchain/gcc-linaro-i686_arm-linux-gnueabihf/bin/arm-linux-gnueabihf-g++ --sysroot=/home/maria/code/study/mipt-build-systems/task3/sysroot    -std=c++14 -o CMakeFiles/cmTC_b1014.dir/feature_tests.cxx.o -c /home/maria/code/study/mipt-build-systems/task3/TechProgSimpleLibrary/bld/CMakeFiles/feature_tests.cxx
Linking CXX executable cmTC_b1014
/usr/bin/cmake -E cmake_link_script CMakeFiles/cmTC_b1014.dir/link.txt --verbose=1
/home/maria/code/study/mipt-build-systems/task3/toolchain/gcc-linaro-i686_arm-linux-gnueabihf/bin/arm-linux-gnueabihf-g++ --sysroot=/home/maria/code/study/mipt-build-systems/task3/sysroot       -rdynamic CMakeFiles/cmTC_b1014.dir/feature_tests.cxx.o  -o cmTC_b1014 
make[1]: Leaving directory '/home/maria/code/study/mipt-build-systems/task3/TechProgSimpleLibrary/bld/CMakeFiles/CMakeTmp'


    Feature record: CXX_FEATURE:1cxx_aggregate_default_initializers
    Feature record: CXX_FEATURE:1cxx_alias_templates
    Feature record: CXX_FEATURE:1cxx_alignas
    Feature record: CXX_FEATURE:1cxx_alignof
    Feature record: CXX_FEATURE:1cxx_attributes
    Feature record: CXX_FEATURE:1cxx_attribute_deprecated
    Feature record: CXX_FEATURE:1cxx_auto_type
    Feature record: CXX_FEATURE:1cxx_binary_literals
    Feature record: CXX_FEATURE:1cxx_constexpr
    Feature record: CXX_FEATURE:1cxx_contextual_conversions
    Feature record: CXX_FEATURE:1cxx_decltype
    Feature record: CXX_FEATURE:1cxx_decltype_auto
    Feature record: CXX_FEATURE:1cxx_decltype_incomplete_return_types
    Feature record: CXX_FEATURE:1cxx_default_function_template_args
    Feature record: CXX_FEATURE:1cxx_defaulted_functions
    Feature record: CXX_FEATURE:1cxx_defaulted_move_initializers
    Feature record: CXX_FEATURE:1cxx_delegating_constructors
    Feature record: CXX_FEATURE:1cxx_deleted_functions
    Feature record: CXX_FEATURE:1cxx_digit_separators
    Feature record: CXX_FEATURE:1cxx_enum_forward_declarations
    Feature record: CXX_FEATURE:1cxx_explicit_conversions
    Feature record: CXX_FEATURE:1cxx_extended_friend_declarations
    Feature record: CXX_FEATURE:1cxx_extern_templates
    Feature record: CXX_FEATURE:1cxx_final
    Feature record: CXX_FEATURE:1cxx_func_identifier
    Feature record: CXX_FEATURE:1cxx_generalized_initializers
    Feature record: CXX_FEATURE:1cxx_generic_lambdas
    Feature record: CXX_FEATURE:1cxx_inheriting_constructors
    Feature record: CXX_FEATURE:1cxx_inline_namespaces
    Feature record: CXX_FEATURE:1cxx_lambdas
    Feature record: CXX_FEATURE:1cxx_lambda_init_captures
    Feature record: CXX_FEATURE:1cxx_local_type_template_args
    Feature record: CXX_FEATURE:1cxx_long_long_type
    Feature record: CXX_FEATURE:1cxx_noexcept
    Feature record: CXX_FEATURE:1cxx_nonstatic_member_init
    Feature record: CXX_FEATURE:1cxx_nullptr
    Feature record: CXX_FEATURE:1cxx_override
    Feature record: CXX_FEATURE:1cxx_range_for
    Feature record: CXX_FEATURE:1cxx_raw_string_literals
    Feature record: CXX_FEATURE:1cxx_reference_qualified_functions
    Feature record: CXX_FEATURE:1cxx_relaxed_constexpr
    Feature record: CXX_FEATURE:1cxx_return_type_deduction
    Feature record: CXX_FEATURE:1cxx_right_angle_brackets
    Feature record: CXX_FEATURE:1cxx_rvalue_references
    Feature record: CXX_FEATURE:1cxx_sizeof_member
    Feature record: CXX_FEATURE:1cxx_static_assert
    Feature record: CXX_FEATURE:1cxx_strong_enums
    Feature record: CXX_FEATURE:1cxx_template_template_parameters
    Feature record: CXX_FEATURE:1cxx_thread_local
    Feature record: CXX_FEATURE:1cxx_trailing_return_types
    Feature record: CXX_FEATURE:1cxx_unicode_literals
    Feature record: CXX_FEATURE:1cxx_uniform_initialization
    Feature record: CXX_FEATURE:1cxx_unrestricted_unions
    Feature record: CXX_FEATURE:1cxx_user_literals
    Feature record: CXX_FEATURE:1cxx_variable_templates
    Feature record: CXX_FEATURE:1cxx_variadic_macros
    Feature record: CXX_FEATURE:1cxx_variadic_templates


Detecting CXX [-std=c++11] compiler features compiled with the following output:
Change Dir: /home/maria/code/study/mipt-build-systems/task3/TechProgSimpleLibrary/bld/CMakeFiles/CMakeTmp

Run Build Command:"/usr/bin/make" "cmTC_94449/fast"
/usr/bin/make -f CMakeFiles/cmTC_94449.dir/build.make CMakeFiles/cmTC_94449.dir/build
make[1]: Entering directory '/home/maria/code/study/mipt-build-systems/task3/TechProgSimpleLibrary/bld/CMakeFiles/CMakeTmp'
Building CXX object CMakeFiles/cmTC_94449.dir/feature_tests.cxx.o
/home/maria/code/study/mipt-build-systems/task3/toolchain/gcc-linaro-i686_arm-linux-gnueabihf/bin/arm-linux-gnueabihf-g++ --sysroot=/home/maria/code/study/mipt-build-systems/task3/sysroot    -std=c++11 -o CMakeFiles/cmTC_94449.dir/feature_tests.cxx.o -c /home/maria/code/study/mipt-build-systems/task3/TechProgSimpleLibrary/bld/CMakeFiles/feature_tests.cxx
Linking CXX executable cmTC_94449
/usr/bin/cmake -E cmake_link_script CMakeFiles/cmTC_94449.dir/link.txt --verbose=1
/home/maria/code/study/mipt-build-systems/task3/toolchain/gcc-linaro-i686_arm-linux-gnueabihf/bin/arm-linux-gnueabihf-g++ --sysroot=/home/maria/code/study/mipt-build-systems/task3/sysroot       -rdynamic CMakeFiles/cmTC_94449.dir/feature_tests.cxx.o  -o cmTC_94449 
make[1]: Leaving directory '/home/maria/code/study/mipt-build-systems/task3/TechProgSimpleLibrary/bld/CMakeFiles/CMakeTmp'


    Feature record: CXX_FEATURE:0cxx_aggregate_default_initializers
    Feature record: CXX_FEATURE:1cxx_alias_templates
    Feature record: CXX_FEATURE:1cxx_alignas
    Feature record: CXX_FEATURE:1cxx_alignof
    Feature record: CXX_FEATURE:1cxx_attributes
    Feature record: CXX_FEATURE:0cxx_attribute_deprecated
    Feature record: CXX_FEATURE:1cxx_auto_type
    Feature record: CXX_FEATURE:0cxx_binary_literals
    Feature record: CXX_FEATURE:1cxx_constexpr
    Feature record: CXX_FEATURE:0cxx_contextual_conversions
    Feature record: CXX_FEATURE:1cxx_decltype
    Feature record: CXX_FEATURE:0cxx_decltype_auto
    Feature record: CXX_FEATURE:1cxx_decltype_incomplete_return_types
    Feature record: CXX_FEATURE:1cxx_default_function_template_args
    Feature record: CXX_FEATURE:1cxx_defaulted_functions
    Feature record: CXX_FEATURE:1cxx_defaulted_move_initializers
    Feature record: CXX_FEATURE:1cxx_delegating_constructors
    Feature record: CXX_FEATURE:1cxx_deleted_functions
    Feature record: CXX_FEATURE:0cxx_digit_separators
    Feature record: CXX_FEATURE:1cxx_enum_forward_declarations
    Feature record: CXX_FEATURE:1cxx_explicit_conversions
    Feature record: CXX_FEATURE:1cxx_extended_friend_declarations
    Feature record: CXX_FEATURE:1cxx_extern_templates
    Feature record: CXX_FEATURE:1cxx_final
    Feature record: CXX_FEATURE:1cxx_func_identifier
    Feature record: CXX_FEATURE:1cxx_generalized_initializers
    Feature record: CXX_FEATURE:0cxx_generic_lambdas
    Feature record: CXX_FEATURE:1cxx_inheriting_constructors
    Feature record: CXX_FEATURE:1cxx_inline_namespaces
    Feature record: CXX_FEATURE:1cxx_lambdas
    Feature record: CXX_FEATURE:0cxx_lambda_init_captures
    Feature record: CXX_FEATURE:1cxx_local_type_template_args
    Feature record: CXX_FEATURE:1cxx_long_long_type
    Feature record: CXX_FEATURE:1cxx_noexcept
    Feature record: CXX_FEATURE:1cxx_nonstatic_member_init
    Feature record: CXX_FEATURE:1cxx_nullptr
    Feature record: CXX_FEATURE:1cxx_override
    Feature record: CXX_FEATURE:1cxx_range_for
    Feature record: CXX_FEATURE:1cxx_raw_string_literals
    Feature record: CXX_FEATURE:1cxx_reference_qualified_functions
    Feature record: CXX_FEATURE:0cxx_relaxed_constexpr
    Feature record: CXX_FEATURE:0cxx_return_type_deduction
    Feature record: CXX_FEATURE:1cxx_right_angle_brackets
    Feature record: CXX_FEATURE:1cxx_rvalue_references
    Feature record: CXX_FEATURE:1cxx_sizeof_member
    Feature record: CXX_FEATURE:1cxx_static_assert
    Feature record: CXX_FEATURE:1cxx_strong_enums
    Feature record: CXX_FEATURE:1cxx_template_template_parameters
    Feature record: CXX_FEATURE:1cxx_thread_local
    Feature record: CXX_FEATURE:1cxx_trailing_return_types
    Feature record: CXX_FEATURE:1cxx_unicode_literals
    Feature record: CXX_FEATURE:1cxx_uniform_initialization
    Feature record: CXX_FEATURE:1cxx_unrestricted_unions
    Feature record: CXX_FEATURE:1cxx_user_literals
    Feature record: CXX_FEATURE:0cxx_variable_templates
    Feature record: CXX_FEATURE:1cxx_variadic_macros
    Feature record: CXX_FEATURE:1cxx_variadic_templates


Detecting CXX [-std=c++98] compiler features compiled with the following output:
Change Dir: /home/maria/code/study/mipt-build-systems/task3/TechProgSimpleLibrary/bld/CMakeFiles/CMakeTmp

Run Build Command:"/usr/bin/make" "cmTC_995b5/fast"
/usr/bin/make -f CMakeFiles/cmTC_995b5.dir/build.make CMakeFiles/cmTC_995b5.dir/build
make[1]: Entering directory '/home/maria/code/study/mipt-build-systems/task3/TechProgSimpleLibrary/bld/CMakeFiles/CMakeTmp'
Building CXX object CMakeFiles/cmTC_995b5.dir/feature_tests.cxx.o
/home/maria/code/study/mipt-build-systems/task3/toolchain/gcc-linaro-i686_arm-linux-gnueabihf/bin/arm-linux-gnueabihf-g++ --sysroot=/home/maria/code/study/mipt-build-systems/task3/sysroot    -std=c++98 -o CMakeFiles/cmTC_995b5.dir/feature_tests.cxx.o -c /home/maria/code/study/mipt-build-systems/task3/TechProgSimpleLibrary/bld/CMakeFiles/feature_tests.cxx
Linking CXX executable cmTC_995b5
/usr/bin/cmake -E cmake_link_script CMakeFiles/cmTC_995b5.dir/link.txt --verbose=1
/home/maria/code/study/mipt-build-systems/task3/toolchain/gcc-linaro-i686_arm-linux-gnueabihf/bin/arm-linux-gnueabihf-g++ --sysroot=/home/maria/code/study/mipt-build-systems/task3/sysroot       -rdynamic CMakeFiles/cmTC_995b5.dir/feature_tests.cxx.o  -o cmTC_995b5 
make[1]: Leaving directory '/home/maria/code/study/mipt-build-systems/task3/TechProgSimpleLibrary/bld/CMakeFiles/CMakeTmp'


    Feature record: CXX_FEATURE:0cxx_aggregate_default_initializers
    Feature record: CXX_FEATURE:0cxx_alias_templates
    Feature record: CXX_FEATURE:0cxx_alignas
    Feature record: CXX_FEATURE:0cxx_alignof
    Feature record: CXX_FEATURE:0cxx_attributes
    Feature record: CXX_FEATURE:0cxx_attribute_deprecated
    Feature record: CXX_FEATURE:0cxx_auto_type
    Feature record: CXX_FEATURE:0cxx_binary_literals
    Feature record: CXX_FEATURE:0cxx_constexpr
    Feature record: CXX_FEATURE:0cxx_contextual_conversions
    Feature record: CXX_FEATURE:0cxx_decltype
    Feature record: CXX_FEATURE:0cxx_decltype_auto
    Feature record: CXX_FEATURE:0cxx_decltype_incomplete_return_types
    Feature record: CXX_FEATURE:0cxx_default_function_template_args
    Feature record: CXX_FEATURE:0cxx_defaulted_functions
    Feature record: CXX_FEATURE:0cxx_defaulted_move_initializers
    Feature record: CXX_FEATURE:0cxx_delegating_constructors
    Feature record: CXX_FEATURE:0cxx_deleted_functions
    Feature record: CXX_FEATURE:0cxx_digit_separators
    Feature record: CXX_FEATURE:0cxx_enum_forward_declarations
    Feature record: CXX_FEATURE:0cxx_explicit_conversions
    Feature record: CXX_FEATURE:0cxx_extended_friend_declarations
    Feature record: CXX_FEATURE:0cxx_extern_templates
    Feature record: CXX_FEATURE:0cxx_final
    Feature record: CXX_FEATURE:0cxx_func_identifier
    Feature record: CXX_FEATURE:0cxx_generalized_initializers
    Feature record: CXX_FEATURE:0cxx_generic_lambdas
    Feature record: CXX_FEATURE:0cxx_inheriting_constructors
    Feature record: CXX_FEATURE:0cxx_inline_namespaces
    Feature record: CXX_FEATURE:0cxx_lambdas
    Feature record: CXX_FEATURE:0cxx_lambda_init_captures
    Feature record: CXX_FEATURE:0cxx_local_type_template_args
    Feature record: CXX_FEATURE:0cxx_long_long_type
    Feature record: CXX_FEATURE:0cxx_noexcept
    Feature record: CXX_FEATURE:0cxx_nonstatic_member_init
    Feature record: CXX_FEATURE:0cxx_nullptr
    Feature record: CXX_FEATURE:0cxx_override
    Feature record: CXX_FEATURE:0cxx_range_for
    Feature record: CXX_FEATURE:0cxx_raw_string_literals
    Feature record: CXX_FEATURE:0cxx_reference_qualified_functions
    Feature record: CXX_FEATURE:0cxx_relaxed_constexpr
    Feature record: CXX_FEATURE:0cxx_return_type_deduction
    Feature record: CXX_FEATURE:0cxx_right_angle_brackets
    Feature record: CXX_FEATURE:0cxx_rvalue_references
    Feature record: CXX_FEATURE:0cxx_sizeof_member
    Feature record: CXX_FEATURE:0cxx_static_assert
    Feature record: CXX_FEATURE:0cxx_strong_enums
    Feature record: CXX_FEATURE:1cxx_template_template_parameters
    Feature record: CXX_FEATURE:0cxx_thread_local
    Feature record: CXX_FEATURE:0cxx_trailing_return_types
    Feature record: CXX_FEATURE:0cxx_unicode_literals
    Feature record: CXX_FEATURE:0cxx_uniform_initialization
    Feature record: CXX_FEATURE:0cxx_unrestricted_unions
    Feature record: CXX_FEATURE:0cxx_user_literals
    Feature record: CXX_FEATURE:0cxx_variable_templates
    Feature record: CXX_FEATURE:0cxx_variadic_macros
    Feature record: CXX_FEATURE:0cxx_variadic_templates
